2024-05-08 14:55:55,450 [Worker-5: Loading available Gradle versions] INFO  o.e.b.c.i.u.g.PublishedGradleVersions - Gradle version information cache is up-to-date. Trying to read.
2024-05-09 18:34:52,202 [Worker-0: Loading available Gradle versions] INFO  o.e.b.c.i.u.g.PublishedGradleVersions - Gradle version information cache is out-of-date. Trying to update.
2024-05-10 15:29:50,157 [Worker-5: Loading available Gradle versions] INFO  o.e.b.c.i.u.g.PublishedGradleVersions - Gradle version information cache is up-to-date. Trying to read.
2024-05-10 15:30:39,440 [Worker-0: Loading available Gradle versions] INFO  o.e.b.c.i.u.g.PublishedGradleVersions - Gradle version information cache is up-to-date. Trying to read.
2024-05-13 09:44:44,305 [Worker-1: Loading available Gradle versions] INFO  o.e.b.c.i.u.g.PublishedGradleVersions - Gradle version information cache is out-of-date. Trying to update.
2024-05-13 17:43:27,435 [Start Help Server] INFO  org.eclipse.jetty.server.Server - jetty-12.0.6; built: 2024-01-30T02:43:24.387Z; git: 78ab6e6ba163f89cdd97f2ae0283fbb5e371cfaf; jvm 17.0.11+9
2024-05-13 17:43:27,502 [Start Help Server] INFO  o.e.j.server.handler.ContextHandler - Started oeje8n.ContextHandler$CoreContextHandler@2ef2636e{/help,/help,b=null,a=AVAILABLE,h=oeje8n.ContextHandler$CoreContextHandler$CoreToNestedHandler@4351a3af{STARTED}}
2024-05-13 17:43:27,502 [Start Help Server] INFO  o.e.j.s.DefaultSessionIdManager - Session workerName=node0
2024-05-13 17:43:27,539 [Start Help Server] INFO  o.e.jetty.server.AbstractConnector - Started ServerConnector@636d713d{HTTP/1.1, (http/1.1)}{127.0.0.1:54885}
2024-05-13 17:43:27,547 [Start Help Server] INFO  org.eclipse.jetty.server.Server - Started oejs.Server@c4f74a3{STARTING}[12.0.6,sto=0] @28743087ms
2024-05-13 17:50:30,246 [Stop Help Server] INFO  org.eclipse.jetty.server.Server - Stopped oejs.Server@c4f74a3{STOPPING}[12.0.6,sto=0]
2024-05-13 17:50:30,249 [Stop Help Server] INFO  o.e.jetty.server.AbstractConnector - Stopped ServerConnector@636d713d{HTTP/1.1, (http/1.1)}{127.0.0.1:0}
2024-05-14 10:01:17,750 [Worker-4: Loading available Gradle versions] INFO  o.e.b.c.i.u.g.PublishedGradleVersions - Gradle version information cache is out-of-date. Trying to update.
2024-05-15 09:49:33,534 [Worker-5: Loading available Gradle versions] INFO  o.e.b.c.i.u.g.PublishedGradleVersions - Gradle version information cache is up-to-date. Trying to read.
2024-05-16 02:10:21,688 [Worker-4: Loading available Gradle versions] INFO  o.e.b.c.i.u.g.PublishedGradleVersions - Gradle version information cache is out-of-date. Trying to update.
2024-05-16 10:09:28,963 [Worker-0: Loading available Gradle versions] INFO  o.e.b.c.i.u.g.PublishedGradleVersions - Gradle version information cache is up-to-date. Trying to read.
2024-05-16 13:49:04,923 [Worker-2: Loading available Gradle versions] INFO  o.e.b.c.i.u.g.PublishedGradleVersions - Gradle version information cache is up-to-date. Trying to read.
2024-05-17 09:19:38,048 [Worker-2: Loading available Gradle versions] INFO  o.e.b.c.i.u.g.PublishedGradleVersions - Gradle version information cache is out-of-date. Trying to update.
2024-05-17 10:03:03,050 [ModalContext] INFO  o.e.m.c.i.e.AbstractTransferListenerAdapter - Downloading https://repo.maven.apache.org/maven2/org/apache/maven/archetypes/maven-archetype-quickstart/1.4/maven-archetype-quickstart-1.4.pom
2024-05-17 10:03:03,074 [ModalContext] INFO  o.e.m.c.i.e.AbstractTransferListenerAdapter - Downloaded https://repo.maven.apache.org/maven2/org/apache/maven/archetypes/maven-archetype-quickstart/1.4/maven-archetype-quickstart-1.4.pom
2024-05-17 10:03:03,141 [ModalContext] INFO  o.e.m.c.i.e.AbstractTransferListenerAdapter - Downloading https://repo.maven.apache.org/maven2/org/apache/maven/archetypes/maven-archetype-bundles/1.4/maven-archetype-bundles-1.4.pom
2024-05-17 10:03:03,147 [ModalContext] INFO  o.e.m.c.i.e.AbstractTransferListenerAdapter - Downloaded https://repo.maven.apache.org/maven2/org/apache/maven/archetypes/maven-archetype-bundles/1.4/maven-archetype-bundles-1.4.pom
2024-05-17 10:03:03,177 [ModalContext] INFO  o.e.m.c.i.e.AbstractTransferListenerAdapter - Downloading https://repo.maven.apache.org/maven2/org/apache/maven/maven-parent/33/maven-parent-33.pom
2024-05-17 10:03:03,195 [ModalContext] INFO  o.e.m.c.i.e.AbstractTransferListenerAdapter - Downloaded https://repo.maven.apache.org/maven2/org/apache/maven/maven-parent/33/maven-parent-33.pom
2024-05-17 10:03:03,240 [ModalContext] INFO  o.e.m.c.i.e.AbstractTransferListenerAdapter - Downloading https://repo.maven.apache.org/maven2/org/apache/apache/21/apache-21.pom
2024-05-17 10:03:03,250 [ModalContext] INFO  o.e.m.c.i.e.AbstractTransferListenerAdapter - Downloaded https://repo.maven.apache.org/maven2/org/apache/apache/21/apache-21.pom
2024-05-17 10:03:03,304 [ModalContext] INFO  o.e.m.c.i.e.AbstractTransferListenerAdapter - Downloading https://repo.maven.apache.org/maven2/org/apache/maven/archetypes/maven-archetype-quickstart/1.4/maven-archetype-quickstart-1.4.jar
2024-05-17 10:03:03,309 [ModalContext] INFO  o.e.m.c.i.e.AbstractTransferListenerAdapter - Downloaded https://repo.maven.apache.org/maven2/org/apache/maven/archetypes/maven-archetype-quickstart/1.4/maven-archetype-quickstart-1.4.jar
2024-05-17 10:04:01,914 [Worker-41: Launching mavenrun-98dde79f-5c6a-44f2-94a7-9027c5067b20] INFO  o.eclipse.m2e.core.internal.Bundles - getClasspathEntries(Bundle=org.eclipse.m2e.maven.runtime_3.9.600.20231203-1234 [637])
2024-05-17 10:04:01,916 [Worker-41: Launching mavenrun-98dde79f-5c6a-44f2-94a7-9027c5067b20] INFO  o.eclipse.m2e.core.internal.Bundles - 	Entry: C:\Users\nicol\.p2\pool\plugins\org.eclipse.m2e.maven.runtime_3.9.600.20231203-1234
2024-05-17 10:04:01,917 [Worker-41: Launching mavenrun-98dde79f-5c6a-44f2-94a7-9027c5067b20] INFO  o.eclipse.m2e.core.internal.Bundles - 	Entry: C:\Users\nicol\.p2\pool\plugins\org.eclipse.m2e.maven.runtime_3.9.600.20231203-1234\jars\aopalliance-1.0.jar
2024-05-17 10:04:01,917 [Worker-41: Launching mavenrun-98dde79f-5c6a-44f2-94a7-9027c5067b20] INFO  o.eclipse.m2e.core.internal.Bundles - 	Entry: C:\Users\nicol\.p2\pool\plugins\org.eclipse.m2e.maven.runtime_3.9.600.20231203-1234\jars\guice-5.1.0.jar
2024-05-17 10:04:01,917 [Worker-41: Launching mavenrun-98dde79f-5c6a-44f2-94a7-9027c5067b20] INFO  o.eclipse.m2e.core.internal.Bundles - 	Entry: C:\Users\nicol\.p2\pool\plugins\org.eclipse.m2e.maven.runtime_3.9.600.20231203-1234\jars\httpclient-4.5.14.jar
2024-05-17 10:04:01,918 [Worker-41: Launching mavenrun-98dde79f-5c6a-44f2-94a7-9027c5067b20] INFO  o.eclipse.m2e.core.internal.Bundles - 	Entry: C:\Users\nicol\.p2\pool\plugins\org.eclipse.m2e.maven.runtime_3.9.600.20231203-1234\jars\httpcore-4.4.16.jar
2024-05-17 10:04:01,918 [Worker-41: Launching mavenrun-98dde79f-5c6a-44f2-94a7-9027c5067b20] INFO  o.eclipse.m2e.core.internal.Bundles - 	Entry: C:\Users\nicol\.p2\pool\plugins\org.eclipse.m2e.maven.runtime_3.9.600.20231203-1234\jars\jansi-2.4.0.jar
2024-05-17 10:04:01,918 [Worker-41: Launching mavenrun-98dde79f-5c6a-44f2-94a7-9027c5067b20] INFO  o.eclipse.m2e.core.internal.Bundles - 	Entry: C:\Users\nicol\.p2\pool\plugins\org.eclipse.m2e.maven.runtime_3.9.600.20231203-1234\jars\jcl-over-slf4j-1.7.36.jar
2024-05-17 10:04:01,918 [Worker-41: Launching mavenrun-98dde79f-5c6a-44f2-94a7-9027c5067b20] INFO  o.eclipse.m2e.core.internal.Bundles - 	Entry: C:\Users\nicol\.p2\pool\plugins\org.eclipse.m2e.maven.runtime_3.9.600.20231203-1234\jars\maven-artifact-3.9.6.jar
2024-05-17 10:04:01,918 [Worker-41: Launching mavenrun-98dde79f-5c6a-44f2-94a7-9027c5067b20] INFO  o.eclipse.m2e.core.internal.Bundles - 	Entry: C:\Users\nicol\.p2\pool\plugins\org.eclipse.m2e.maven.runtime_3.9.600.20231203-1234\jars\maven-builder-support-3.9.6.jar
2024-05-17 10:04:01,919 [Worker-41: Launching mavenrun-98dde79f-5c6a-44f2-94a7-9027c5067b20] INFO  o.eclipse.m2e.core.internal.Bundles - 	Entry: C:\Users\nicol\.p2\pool\plugins\org.eclipse.m2e.maven.runtime_3.9.600.20231203-1234\jars\maven-compat-3.9.6.jar
2024-05-17 10:04:01,919 [Worker-41: Launching mavenrun-98dde79f-5c6a-44f2-94a7-9027c5067b20] INFO  o.eclipse.m2e.core.internal.Bundles - 	Entry: C:\Users\nicol\.p2\pool\plugins\org.eclipse.m2e.maven.runtime_3.9.600.20231203-1234\jars\maven-core-3.9.6.jar
2024-05-17 10:04:01,919 [Worker-41: Launching mavenrun-98dde79f-5c6a-44f2-94a7-9027c5067b20] INFO  o.eclipse.m2e.core.internal.Bundles - 	Entry: C:\Users\nicol\.p2\pool\plugins\org.eclipse.m2e.maven.runtime_3.9.600.20231203-1234\jars\maven-embedder-3.9.6.jar
2024-05-17 10:04:01,919 [Worker-41: Launching mavenrun-98dde79f-5c6a-44f2-94a7-9027c5067b20] INFO  o.eclipse.m2e.core.internal.Bundles - 	Entry: C:\Users\nicol\.p2\pool\plugins\org.eclipse.m2e.maven.runtime_3.9.600.20231203-1234\jars\maven-model-3.9.6.jar
2024-05-17 10:04:01,920 [Worker-41: Launching mavenrun-98dde79f-5c6a-44f2-94a7-9027c5067b20] INFO  o.eclipse.m2e.core.internal.Bundles - 	Entry: C:\Users\nicol\.p2\pool\plugins\org.eclipse.m2e.maven.runtime_3.9.600.20231203-1234\jars\maven-model-builder-3.9.6.jar
2024-05-17 10:04:01,920 [Worker-41: Launching mavenrun-98dde79f-5c6a-44f2-94a7-9027c5067b20] INFO  o.eclipse.m2e.core.internal.Bundles - 	Entry: C:\Users\nicol\.p2\pool\plugins\org.eclipse.m2e.maven.runtime_3.9.600.20231203-1234\jars\maven-plugin-api-3.9.6.jar
2024-05-17 10:04:01,920 [Worker-41: Launching mavenrun-98dde79f-5c6a-44f2-94a7-9027c5067b20] INFO  o.eclipse.m2e.core.internal.Bundles - 	Entry: C:\Users\nicol\.p2\pool\plugins\org.eclipse.m2e.maven.runtime_3.9.600.20231203-1234\jars\maven-repository-metadata-3.9.6.jar
2024-05-17 10:04:01,920 [Worker-41: Launching mavenrun-98dde79f-5c6a-44f2-94a7-9027c5067b20] INFO  o.eclipse.m2e.core.internal.Bundles - 	Entry: C:\Users\nicol\.p2\pool\plugins\org.eclipse.m2e.maven.runtime_3.9.600.20231203-1234\jars\maven-resolver-api-1.9.18.jar
2024-05-17 10:04:01,920 [Worker-41: Launching mavenrun-98dde79f-5c6a-44f2-94a7-9027c5067b20] INFO  o.eclipse.m2e.core.internal.Bundles - 	Entry: C:\Users\nicol\.p2\pool\plugins\org.eclipse.m2e.maven.runtime_3.9.600.20231203-1234\jars\maven-resolver-connector-basic-1.9.18.jar
2024-05-17 10:04:01,921 [Worker-41: Launching mavenrun-98dde79f-5c6a-44f2-94a7-9027c5067b20] INFO  o.eclipse.m2e.core.internal.Bundles - 	Entry: C:\Users\nicol\.p2\pool\plugins\org.eclipse.m2e.maven.runtime_3.9.600.20231203-1234\jars\maven-resolver-impl-1.9.18.jar
2024-05-17 10:04:01,921 [Worker-41: Launching mavenrun-98dde79f-5c6a-44f2-94a7-9027c5067b20] INFO  o.eclipse.m2e.core.internal.Bundles - 	Entry: C:\Users\nicol\.p2\pool\plugins\org.eclipse.m2e.maven.runtime_3.9.600.20231203-1234\jars\maven-resolver-named-locks-1.9.18.jar
2024-05-17 10:04:01,921 [Worker-41: Launching mavenrun-98dde79f-5c6a-44f2-94a7-9027c5067b20] INFO  o.eclipse.m2e.core.internal.Bundles - 	Entry: C:\Users\nicol\.p2\pool\plugins\org.eclipse.m2e.maven.runtime_3.9.600.20231203-1234\jars\maven-resolver-provider-3.9.6.jar
2024-05-17 10:04:01,921 [Worker-41: Launching mavenrun-98dde79f-5c6a-44f2-94a7-9027c5067b20] INFO  o.eclipse.m2e.core.internal.Bundles - 	Entry: C:\Users\nicol\.p2\pool\plugins\org.eclipse.m2e.maven.runtime_3.9.600.20231203-1234\jars\maven-resolver-spi-1.9.18.jar
2024-05-17 10:04:01,922 [Worker-41: Launching mavenrun-98dde79f-5c6a-44f2-94a7-9027c5067b20] INFO  o.eclipse.m2e.core.internal.Bundles - 	Entry: C:\Users\nicol\.p2\pool\plugins\org.eclipse.m2e.maven.runtime_3.9.600.20231203-1234\jars\maven-resolver-transport-file-1.9.18.jar
2024-05-17 10:04:01,922 [Worker-41: Launching mavenrun-98dde79f-5c6a-44f2-94a7-9027c5067b20] INFO  o.eclipse.m2e.core.internal.Bundles - 	Entry: C:\Users\nicol\.p2\pool\plugins\org.eclipse.m2e.maven.runtime_3.9.600.20231203-1234\jars\maven-resolver-transport-http-1.9.18.jar
2024-05-17 10:04:01,922 [Worker-41: Launching mavenrun-98dde79f-5c6a-44f2-94a7-9027c5067b20] INFO  o.eclipse.m2e.core.internal.Bundles - 	Entry: C:\Users\nicol\.p2\pool\plugins\org.eclipse.m2e.maven.runtime_3.9.600.20231203-1234\jars\maven-resolver-transport-wagon-1.9.18.jar
2024-05-17 10:04:01,922 [Worker-41: Launching mavenrun-98dde79f-5c6a-44f2-94a7-9027c5067b20] INFO  o.eclipse.m2e.core.internal.Bundles - 	Entry: C:\Users\nicol\.p2\pool\plugins\org.eclipse.m2e.maven.runtime_3.9.600.20231203-1234\jars\maven-resolver-util-1.9.18.jar
2024-05-17 10:04:01,922 [Worker-41: Launching mavenrun-98dde79f-5c6a-44f2-94a7-9027c5067b20] INFO  o.eclipse.m2e.core.internal.Bundles - 	Entry: C:\Users\nicol\.p2\pool\plugins\org.eclipse.m2e.maven.runtime_3.9.600.20231203-1234\jars\maven-settings-3.9.6.jar
2024-05-17 10:04:01,923 [Worker-41: Launching mavenrun-98dde79f-5c6a-44f2-94a7-9027c5067b20] INFO  o.eclipse.m2e.core.internal.Bundles - 	Entry: C:\Users\nicol\.p2\pool\plugins\org.eclipse.m2e.maven.runtime_3.9.600.20231203-1234\jars\maven-settings-builder-3.9.6.jar
2024-05-17 10:04:01,923 [Worker-41: Launching mavenrun-98dde79f-5c6a-44f2-94a7-9027c5067b20] INFO  o.eclipse.m2e.core.internal.Bundles - 	Entry: C:\Users\nicol\.p2\pool\plugins\org.eclipse.m2e.maven.runtime_3.9.600.20231203-1234\jars\maven-shared-utils-3.3.4.jar
2024-05-17 10:04:01,923 [Worker-41: Launching mavenrun-98dde79f-5c6a-44f2-94a7-9027c5067b20] INFO  o.eclipse.m2e.core.internal.Bundles - 	Entry: C:\Users\nicol\.p2\pool\plugins\org.eclipse.m2e.maven.runtime_3.9.600.20231203-1234\jars\org.eclipse.sisu.inject-0.9.0.M2.jar
2024-05-17 10:04:01,923 [Worker-41: Launching mavenrun-98dde79f-5c6a-44f2-94a7-9027c5067b20] INFO  o.eclipse.m2e.core.internal.Bundles - 	Entry: C:\Users\nicol\.p2\pool\plugins\org.eclipse.m2e.maven.runtime_3.9.600.20231203-1234\jars\org.eclipse.sisu.plexus-0.9.0.M2.jar
2024-05-17 10:04:01,924 [Worker-41: Launching mavenrun-98dde79f-5c6a-44f2-94a7-9027c5067b20] INFO  o.eclipse.m2e.core.internal.Bundles - 	Entry: C:\Users\nicol\.p2\pool\plugins\org.eclipse.m2e.maven.runtime_3.9.600.20231203-1234\jars\plexus-build-api-0.0.7.jar
2024-05-17 10:04:01,924 [Worker-41: Launching mavenrun-98dde79f-5c6a-44f2-94a7-9027c5067b20] INFO  o.eclipse.m2e.core.internal.Bundles - 	Entry: C:\Users\nicol\.p2\pool\plugins\org.eclipse.m2e.maven.runtime_3.9.600.20231203-1234\jars\plexus-cipher-2.0.jar
2024-05-17 10:04:01,924 [Worker-41: Launching mavenrun-98dde79f-5c6a-44f2-94a7-9027c5067b20] INFO  o.eclipse.m2e.core.internal.Bundles - 	Entry: C:\Users\nicol\.p2\pool\plugins\org.eclipse.m2e.maven.runtime_3.9.600.20231203-1234\jars\plexus-classworlds-2.7.0.jar
2024-05-17 10:04:01,925 [Worker-41: Launching mavenrun-98dde79f-5c6a-44f2-94a7-9027c5067b20] INFO  o.eclipse.m2e.core.internal.Bundles - 	Entry: C:\Users\nicol\.p2\pool\plugins\org.eclipse.m2e.maven.runtime_3.9.600.20231203-1234\jars\plexus-component-annotations-2.1.0.jar
2024-05-17 10:04:01,925 [Worker-41: Launching mavenrun-98dde79f-5c6a-44f2-94a7-9027c5067b20] INFO  o.eclipse.m2e.core.internal.Bundles - 	Entry: C:\Users\nicol\.p2\pool\plugins\org.eclipse.m2e.maven.runtime_3.9.600.20231203-1234\jars\plexus-interpolation-1.26.jar
2024-05-17 10:04:01,925 [Worker-41: Launching mavenrun-98dde79f-5c6a-44f2-94a7-9027c5067b20] INFO  o.eclipse.m2e.core.internal.Bundles - 	Entry: C:\Users\nicol\.p2\pool\plugins\org.eclipse.m2e.maven.runtime_3.9.600.20231203-1234\jars\plexus-sec-dispatcher-2.0.jar
2024-05-17 10:04:01,925 [Worker-41: Launching mavenrun-98dde79f-5c6a-44f2-94a7-9027c5067b20] INFO  o.eclipse.m2e.core.internal.Bundles - 	Entry: C:\Users\nicol\.p2\pool\plugins\org.eclipse.m2e.maven.runtime_3.9.600.20231203-1234\jars\plexus-utils-3.5.1.jar
2024-05-17 10:04:01,926 [Worker-41: Launching mavenrun-98dde79f-5c6a-44f2-94a7-9027c5067b20] INFO  o.eclipse.m2e.core.internal.Bundles - 	Entry: C:\Users\nicol\.p2\pool\plugins\org.eclipse.m2e.maven.runtime_3.9.600.20231203-1234\jars\wagon-file-3.5.3.jar
2024-05-17 10:04:01,926 [Worker-41: Launching mavenrun-98dde79f-5c6a-44f2-94a7-9027c5067b20] INFO  o.eclipse.m2e.core.internal.Bundles - 	Entry: C:\Users\nicol\.p2\pool\plugins\org.eclipse.m2e.maven.runtime_3.9.600.20231203-1234\jars\wagon-http-3.5.3.jar
2024-05-17 10:04:01,927 [Worker-41: Launching mavenrun-98dde79f-5c6a-44f2-94a7-9027c5067b20] INFO  o.eclipse.m2e.core.internal.Bundles - 	Entry: C:\Users\nicol\.p2\pool\plugins\org.eclipse.m2e.maven.runtime_3.9.600.20231203-1234\jars\wagon-http-shared-3.5.3.jar
2024-05-17 10:04:01,929 [Worker-41: Launching mavenrun-98dde79f-5c6a-44f2-94a7-9027c5067b20] INFO  o.eclipse.m2e.core.internal.Bundles - 	Entry: C:\Users\nicol\.p2\pool\plugins\org.eclipse.m2e.maven.runtime_3.9.600.20231203-1234\jars\wagon-provider-api-3.5.3.jar
2024-05-17 10:04:01,931 [Worker-41: Launching mavenrun-98dde79f-5c6a-44f2-94a7-9027c5067b20] INFO  o.eclipse.m2e.core.internal.Bundles - getClasspathEntries(Bundle=com.google.guava_33.0.0.jre [14])
2024-05-17 10:04:01,932 [Worker-41: Launching mavenrun-98dde79f-5c6a-44f2-94a7-9027c5067b20] INFO  o.eclipse.m2e.core.internal.Bundles - 	Entry: C:\Users\nicol\.p2\pool\plugins\com.google.guava_33.0.0.jre.jar
2024-05-17 10:04:01,932 [Worker-41: Launching mavenrun-98dde79f-5c6a-44f2-94a7-9027c5067b20] INFO  o.eclipse.m2e.core.internal.Bundles - getClasspathEntries(Bundle=slf4j.api_2.0.13 [1000])
2024-05-17 10:04:01,932 [Worker-41: Launching mavenrun-98dde79f-5c6a-44f2-94a7-9027c5067b20] INFO  o.eclipse.m2e.core.internal.Bundles - 	Entry: C:\Users\nicol\.p2\pool\plugins\slf4j.api_2.0.13.jar
2024-05-17 10:04:01,932 [Worker-41: Launching mavenrun-98dde79f-5c6a-44f2-94a7-9027c5067b20] INFO  o.eclipse.m2e.core.internal.Bundles - getClasspathEntries(Bundle=jakarta.inject.jakarta.inject-api_1.0.5 [32])
2024-05-17 10:04:01,932 [Worker-41: Launching mavenrun-98dde79f-5c6a-44f2-94a7-9027c5067b20] INFO  o.eclipse.m2e.core.internal.Bundles - 	Entry: C:\Users\nicol\.p2\pool\plugins\jakarta.inject.jakarta.inject-api_1.0.5.jar
2024-05-17 10:04:01,933 [Worker-41: Launching mavenrun-98dde79f-5c6a-44f2-94a7-9027c5067b20] INFO  o.eclipse.m2e.core.internal.Bundles - getClasspathEntries(Bundle=jakarta.annotation-api_1.3.5 [27])
2024-05-17 10:04:01,933 [Worker-41: Launching mavenrun-98dde79f-5c6a-44f2-94a7-9027c5067b20] INFO  o.eclipse.m2e.core.internal.Bundles - 	Entry: C:\Users\nicol\.p2\pool\plugins\jakarta.annotation-api_1.3.5.jar
2024-05-17 10:04:01,933 [Worker-41: Launching mavenrun-98dde79f-5c6a-44f2-94a7-9027c5067b20] INFO  o.eclipse.m2e.core.internal.Bundles - getClasspathEntries(Bundle=org.apache.commons.cli_1.6.0 [75])
2024-05-17 10:04:01,933 [Worker-41: Launching mavenrun-98dde79f-5c6a-44f2-94a7-9027c5067b20] INFO  o.eclipse.m2e.core.internal.Bundles - 	Entry: C:\Users\nicol\.p2\pool\plugins\org.apache.commons.cli_1.6.0.jar
2024-05-17 10:04:01,934 [Worker-41: Launching mavenrun-98dde79f-5c6a-44f2-94a7-9027c5067b20] INFO  o.eclipse.m2e.core.internal.Bundles - getClasspathEntries(Bundle=org.apache.commons.commons-codec_1.16.0 [78])
2024-05-17 10:04:01,934 [Worker-41: Launching mavenrun-98dde79f-5c6a-44f2-94a7-9027c5067b20] INFO  o.eclipse.m2e.core.internal.Bundles - 	Entry: C:\Users\nicol\.p2\pool\plugins\org.apache.commons.commons-codec_1.16.0.jar
2024-05-17 10:04:01,934 [Worker-41: Launching mavenrun-98dde79f-5c6a-44f2-94a7-9027c5067b20] INFO  o.eclipse.m2e.core.internal.Bundles - getClasspathEntries(Bundle=org.apache.commons.lang3_3.14.0 [86])
2024-05-17 10:04:01,935 [Worker-41: Launching mavenrun-98dde79f-5c6a-44f2-94a7-9027c5067b20] INFO  o.eclipse.m2e.core.internal.Bundles - 	Entry: C:\Users\nicol\.p2\pool\plugins\org.apache.commons.lang3_3.14.0.jar
2024-05-17 10:04:01,935 [Worker-41: Launching mavenrun-98dde79f-5c6a-44f2-94a7-9027c5067b20] INFO  o.eclipse.m2e.core.internal.Bundles - getClasspathEntries(Bundle=com.google.guava.failureaccess_1.0.2 [15])
2024-05-17 10:04:01,935 [Worker-41: Launching mavenrun-98dde79f-5c6a-44f2-94a7-9027c5067b20] INFO  o.eclipse.m2e.core.internal.Bundles - 	Entry: C:\Users\nicol\.p2\pool\plugins\com.google.guava.failureaccess_1.0.2.jar
2024-05-17 10:04:01,940 [Worker-41: Launching mavenrun-98dde79f-5c6a-44f2-94a7-9027c5067b20] INFO  o.e.m.i.launch.MavenLaunchDelegate - Run build in "C:\Users\nicol\AppData\Local\Temp\m2e-archetypeGenerator17780837123466717087":
2024-05-17 10:04:01,942 [Worker-41: Launching mavenrun-98dde79f-5c6a-44f2-94a7-9027c5067b20] INFO  o.e.m.i.launch.MavenLaunchDelegate -  mvn  -DarchetypeGroupId=org.apache.maven.archetypes -DarchetypeArtifactId=maven-archetype-quickstart -DarchetypeVersion=1.4 -DgroupId=1 -DartifactId=1 -Dversion=0.0.1-SNAPSHOT -Dpackage= -DoutputDirectory=C:\Users\nicol\Documents\Repos\Java\Capacitacion_java\Hola_mundo -Dstyle.color=always -U archetype:generate
2024-05-17 10:08:51,284 [Worker-4: Loading available Gradle versions] INFO  o.e.b.c.i.u.g.PublishedGradleVersions - Gradle version information cache is up-to-date. Trying to read.
2024-05-17 10:10:24,957 [Worker-14: Creating project "pruebaMaven"] INFO  o.e.m.c.i.e.AbstractTransferListenerAdapter - Downloading https://repo.maven.apache.org/maven2/org/apache/maven/plugins/maven-resources-plugin/3.3.1/maven-resources-plugin-3.3.1.jar
2024-05-17 10:10:25,005 [Worker-14: Creating project "pruebaMaven"] INFO  o.e.m.c.i.e.AbstractTransferListenerAdapter - Downloaded https://repo.maven.apache.org/maven2/org/apache/maven/plugins/maven-resources-plugin/3.3.1/maven-resources-plugin-3.3.1.jar
2024-05-17 10:10:25,042 [Worker-14: Creating project "pruebaMaven"] INFO  o.e.m.c.i.e.AbstractTransferListenerAdapter - Downloading https://repo.maven.apache.org/maven2/org/apache/maven/plugins/maven-compiler-plugin/3.11.0/maven-compiler-plugin-3.11.0.jar
2024-05-17 10:10:25,064 [Worker-14: Creating project "pruebaMaven"] INFO  o.e.m.c.i.e.AbstractTransferListenerAdapter - Downloaded https://repo.maven.apache.org/maven2/org/apache/maven/plugins/maven-compiler-plugin/3.11.0/maven-compiler-plugin-3.11.0.jar
2024-05-17 10:10:25,093 [Worker-14: Creating project "pruebaMaven"] INFO  o.e.m.c.i.e.AbstractTransferListenerAdapter - Downloading https://repo.maven.apache.org/maven2/org/apache/maven/plugins/maven-surefire-plugin/3.2.2/maven-surefire-plugin-3.2.2.jar
2024-05-17 10:10:25,114 [Worker-14: Creating project "pruebaMaven"] INFO  o.e.m.c.i.e.AbstractTransferListenerAdapter - Downloaded https://repo.maven.apache.org/maven2/org/apache/maven/plugins/maven-surefire-plugin/3.2.2/maven-surefire-plugin-3.2.2.jar
2024-05-17 10:10:25,156 [Worker-14: Creating project "pruebaMaven"] INFO  o.e.m.c.i.e.AbstractTransferListenerAdapter - Downloading https://repo.maven.apache.org/maven2/org/apache/maven/plugins/maven-jar-plugin/3.3.0/maven-jar-plugin-3.3.0.jar
2024-05-17 10:10:25,175 [Worker-14: Creating project "pruebaMaven"] INFO  o.e.m.c.i.e.AbstractTransferListenerAdapter - Downloaded https://repo.maven.apache.org/maven2/org/apache/maven/plugins/maven-jar-plugin/3.3.0/maven-jar-plugin-3.3.0.jar
2024-05-17 10:10:25,267 [Worker-14: Creating project "pruebaMaven"] INFO  o.e.m.c.i.e.AbstractTransferListenerAdapter - Downloading https://repo.maven.apache.org/maven2/org/apache/maven/plugins/maven-compiler-plugin/3.11.0/maven-compiler-plugin-3.11.0.pom
2024-05-17 10:10:25,275 [Worker-14: Creating project "pruebaMaven"] INFO  o.e.m.c.i.e.AbstractTransferListenerAdapter - Downloaded https://repo.maven.apache.org/maven2/org/apache/maven/plugins/maven-compiler-plugin/3.11.0/maven-compiler-plugin-3.11.0.pom
2024-05-17 10:10:25,420 [Worker-14: Creating project "pruebaMaven"] INFO  o.e.m.c.i.e.AbstractTransferListenerAdapter - Downloading https://repo.maven.apache.org/maven2/org/apache/maven/shared/maven-shared-utils/3.3.4/maven-shared-utils-3.3.4.pom
2024-05-17 10:10:25,428 [Worker-14: Creating project "pruebaMaven"] INFO  o.e.m.c.i.e.AbstractTransferListenerAdapter - Downloaded https://repo.maven.apache.org/maven2/org/apache/maven/shared/maven-shared-utils/3.3.4/maven-shared-utils-3.3.4.pom
2024-05-17 10:10:25,502 [Worker-14: Creating project "pruebaMaven"] INFO  o.e.m.c.i.e.AbstractTransferListenerAdapter - Downloading https://repo.maven.apache.org/maven2/org/apache/maven/shared/maven-shared-incremental/1.1/maven-shared-incremental-1.1.pom
2024-05-17 10:10:25,509 [Worker-14: Creating project "pruebaMaven"] INFO  o.e.m.c.i.e.AbstractTransferListenerAdapter - Downloaded https://repo.maven.apache.org/maven2/org/apache/maven/shared/maven-shared-incremental/1.1/maven-shared-incremental-1.1.pom
2024-05-17 10:10:25,533 [Worker-14: Creating project "pruebaMaven"] INFO  o.e.m.c.i.e.AbstractTransferListenerAdapter - Downloading https://repo.maven.apache.org/maven2/org/apache/maven/shared/maven-shared-components/19/maven-shared-components-19.pom
2024-05-17 10:10:25,540 [Worker-14: Creating project "pruebaMaven"] INFO  o.e.m.c.i.e.AbstractTransferListenerAdapter - Downloaded https://repo.maven.apache.org/maven2/org/apache/maven/shared/maven-shared-components/19/maven-shared-components-19.pom
2024-05-17 10:10:25,570 [Worker-14: Creating project "pruebaMaven"] INFO  o.e.m.c.i.e.AbstractTransferListenerAdapter - Downloading https://repo.maven.apache.org/maven2/org/apache/maven/maven-parent/23/maven-parent-23.pom
2024-05-17 10:10:25,582 [Worker-14: Creating project "pruebaMaven"] INFO  o.e.m.c.i.e.AbstractTransferListenerAdapter - Downloaded https://repo.maven.apache.org/maven2/org/apache/maven/maven-parent/23/maven-parent-23.pom
2024-05-17 10:10:25,606 [Worker-14: Creating project "pruebaMaven"] INFO  o.e.m.c.i.e.AbstractTransferListenerAdapter - Downloading https://repo.maven.apache.org/maven2/org/apache/apache/13/apache-13.pom
2024-05-17 10:10:25,613 [Worker-14: Creating project "pruebaMaven"] INFO  o.e.m.c.i.e.AbstractTransferListenerAdapter - Downloaded https://repo.maven.apache.org/maven2/org/apache/apache/13/apache-13.pom
2024-05-17 10:10:25,650 [Worker-14: Creating project "pruebaMaven"] INFO  o.e.m.c.i.e.AbstractTransferListenerAdapter - Downloading https://repo.maven.apache.org/maven2/org/codehaus/plexus/plexus-component-annotations/1.5.5/plexus-component-annotations-1.5.5.pom
2024-05-17 10:10:25,656 [Worker-14: Creating project "pruebaMaven"] INFO  o.e.m.c.i.e.AbstractTransferListenerAdapter - Downloaded https://repo.maven.apache.org/maven2/org/codehaus/plexus/plexus-component-annotations/1.5.5/plexus-component-annotations-1.5.5.pom
2024-05-17 10:10:25,678 [Worker-14: Creating project "pruebaMaven"] INFO  o.e.m.c.i.e.AbstractTransferListenerAdapter - Downloading https://repo.maven.apache.org/maven2/org/codehaus/plexus/plexus-containers/1.5.5/plexus-containers-1.5.5.pom
2024-05-17 10:10:25,682 [Worker-14: Creating project "pruebaMaven"] INFO  o.e.m.c.i.e.AbstractTransferListenerAdapter - Downloaded https://repo.maven.apache.org/maven2/org/codehaus/plexus/plexus-containers/1.5.5/plexus-containers-1.5.5.pom
2024-05-17 10:10:25,710 [Worker-14: Creating project "pruebaMaven"] INFO  o.e.m.c.i.e.AbstractTransferListenerAdapter - Downloading https://repo.maven.apache.org/maven2/org/codehaus/plexus/plexus-java/1.1.2/plexus-java-1.1.2.pom
2024-05-17 10:10:25,715 [Worker-14: Creating project "pruebaMaven"] INFO  o.e.m.c.i.e.AbstractTransferListenerAdapter - Downloaded https://repo.maven.apache.org/maven2/org/codehaus/plexus/plexus-java/1.1.2/plexus-java-1.1.2.pom
2024-05-17 10:10:25,739 [Worker-14: Creating project "pruebaMaven"] INFO  o.e.m.c.i.e.AbstractTransferListenerAdapter - Downloading https://repo.maven.apache.org/maven2/org/codehaus/plexus/plexus-languages/1.1.2/plexus-languages-1.1.2.pom
2024-05-17 10:10:25,745 [Worker-14: Creating project "pruebaMaven"] INFO  o.e.m.c.i.e.AbstractTransferListenerAdapter - Downloaded https://repo.maven.apache.org/maven2/org/codehaus/plexus/plexus-languages/1.1.2/plexus-languages-1.1.2.pom
2024-05-17 10:10:25,767 [Worker-14: Creating project "pruebaMaven"] INFO  o.e.m.c.i.e.AbstractTransferListenerAdapter - Downloading https://repo.maven.apache.org/maven2/org/codehaus/plexus/plexus/10/plexus-10.pom
2024-05-17 10:10:25,773 [Worker-14: Creating project "pruebaMaven"] INFO  o.e.m.c.i.e.AbstractTransferListenerAdapter - Downloaded https://repo.maven.apache.org/maven2/org/codehaus/plexus/plexus/10/plexus-10.pom
2024-05-17 10:10:25,804 [Worker-14: Creating project "pruebaMaven"] INFO  o.e.m.c.i.e.AbstractTransferListenerAdapter - Downloading https://repo.maven.apache.org/maven2/org/ow2/asm/asm/9.4/asm-9.4.pom
2024-05-17 10:10:25,812 [Worker-14: Creating project "pruebaMaven"] INFO  o.e.m.c.i.e.AbstractTransferListenerAdapter - Downloaded https://repo.maven.apache.org/maven2/org/ow2/asm/asm/9.4/asm-9.4.pom
2024-05-17 10:10:25,843 [Worker-14: Creating project "pruebaMaven"] INFO  o.e.m.c.i.e.AbstractTransferListenerAdapter - Downloading https://repo.maven.apache.org/maven2/org/ow2/ow2/1.5.1/ow2-1.5.1.pom
2024-05-17 10:10:25,851 [Worker-14: Creating project "pruebaMaven"] INFO  o.e.m.c.i.e.AbstractTransferListenerAdapter - Downloaded https://repo.maven.apache.org/maven2/org/ow2/ow2/1.5.1/ow2-1.5.1.pom
2024-05-17 10:10:25,881 [Worker-14: Creating project "pruebaMaven"] INFO  o.e.m.c.i.e.AbstractTransferListenerAdapter - Downloading https://repo.maven.apache.org/maven2/com/thoughtworks/qdox/qdox/2.0.3/qdox-2.0.3.pom
2024-05-17 10:10:25,888 [Worker-14: Creating project "pruebaMaven"] INFO  o.e.m.c.i.e.AbstractTransferListenerAdapter - Downloaded https://repo.maven.apache.org/maven2/com/thoughtworks/qdox/qdox/2.0.3/qdox-2.0.3.pom
2024-05-17 10:10:25,923 [Worker-14: Creating project "pruebaMaven"] INFO  o.e.m.c.i.e.AbstractTransferListenerAdapter - Downloading https://repo.maven.apache.org/maven2/org/sonatype/oss/oss-parent/9/oss-parent-9.pom
2024-05-17 10:10:25,928 [Worker-14: Creating project "pruebaMaven"] INFO  o.e.m.c.i.e.AbstractTransferListenerAdapter - Downloaded https://repo.maven.apache.org/maven2/org/sonatype/oss/oss-parent/9/oss-parent-9.pom
2024-05-17 10:10:25,957 [Worker-14: Creating project "pruebaMaven"] INFO  o.e.m.c.i.e.AbstractTransferListenerAdapter - Downloading https://repo.maven.apache.org/maven2/org/codehaus/plexus/plexus-compiler-api/2.13.0/plexus-compiler-api-2.13.0.pom
2024-05-17 10:10:25,964 [Worker-14: Creating project "pruebaMaven"] INFO  o.e.m.c.i.e.AbstractTransferListenerAdapter - Downloaded https://repo.maven.apache.org/maven2/org/codehaus/plexus/plexus-compiler-api/2.13.0/plexus-compiler-api-2.13.0.pom
2024-05-17 10:10:25,989 [Worker-14: Creating project "pruebaMaven"] INFO  o.e.m.c.i.e.AbstractTransferListenerAdapter - Downloading https://repo.maven.apache.org/maven2/org/codehaus/plexus/plexus-compiler/2.13.0/plexus-compiler-2.13.0.pom
2024-05-17 10:10:25,994 [Worker-14: Creating project "pruebaMaven"] INFO  o.e.m.c.i.e.AbstractTransferListenerAdapter - Downloaded https://repo.maven.apache.org/maven2/org/codehaus/plexus/plexus-compiler/2.13.0/plexus-compiler-2.13.0.pom
2024-05-17 10:10:26,018 [Worker-14: Creating project "pruebaMaven"] INFO  o.e.m.c.i.e.AbstractTransferListenerAdapter - Downloading https://repo.maven.apache.org/maven2/org/codehaus/plexus/plexus-components/10.0/plexus-components-10.0.pom
2024-05-17 10:10:26,024 [Worker-14: Creating project "pruebaMaven"] INFO  o.e.m.c.i.e.AbstractTransferListenerAdapter - Downloaded https://repo.maven.apache.org/maven2/org/codehaus/plexus/plexus-components/10.0/plexus-components-10.0.pom
2024-05-17 10:10:26,050 [Worker-14: Creating project "pruebaMaven"] INFO  o.e.m.c.i.e.AbstractTransferListenerAdapter - Downloading https://repo.maven.apache.org/maven2/org/junit/junit-bom/5.9.1/junit-bom-5.9.1.pom
2024-05-17 10:10:26,056 [Worker-14: Creating project "pruebaMaven"] INFO  o.e.m.c.i.e.AbstractTransferListenerAdapter - Downloaded https://repo.maven.apache.org/maven2/org/junit/junit-bom/5.9.1/junit-bom-5.9.1.pom
2024-05-17 10:10:26,091 [Worker-14: Creating project "pruebaMaven"] INFO  o.e.m.c.i.e.AbstractTransferListenerAdapter - Downloading https://repo.maven.apache.org/maven2/org/codehaus/plexus/plexus-utils/3.5.0/plexus-utils-3.5.0.pom
2024-05-17 10:10:26,097 [Worker-14: Creating project "pruebaMaven"] INFO  o.e.m.c.i.e.AbstractTransferListenerAdapter - Downloaded https://repo.maven.apache.org/maven2/org/codehaus/plexus/plexus-utils/3.5.0/plexus-utils-3.5.0.pom
2024-05-17 10:10:26,123 [Worker-14: Creating project "pruebaMaven"] INFO  o.e.m.c.i.e.AbstractTransferListenerAdapter - Downloading https://repo.maven.apache.org/maven2/org/codehaus/plexus/plexus-compiler-manager/2.13.0/plexus-compiler-manager-2.13.0.pom
2024-05-17 10:10:26,129 [Worker-14: Creating project "pruebaMaven"] INFO  o.e.m.c.i.e.AbstractTransferListenerAdapter - Downloaded https://repo.maven.apache.org/maven2/org/codehaus/plexus/plexus-compiler-manager/2.13.0/plexus-compiler-manager-2.13.0.pom
2024-05-17 10:10:26,161 [Worker-14: Creating project "pruebaMaven"] INFO  o.e.m.c.i.e.AbstractTransferListenerAdapter - Downloading https://repo.maven.apache.org/maven2/org/codehaus/plexus/plexus-component-annotations/2.1.1/plexus-component-annotations-2.1.1.pom
2024-05-17 10:10:26,166 [Worker-14: Creating project "pruebaMaven"] INFO  o.e.m.c.i.e.AbstractTransferListenerAdapter - Downloaded https://repo.maven.apache.org/maven2/org/codehaus/plexus/plexus-component-annotations/2.1.1/plexus-component-annotations-2.1.1.pom
2024-05-17 10:10:26,190 [Worker-14: Creating project "pruebaMaven"] INFO  o.e.m.c.i.e.AbstractTransferListenerAdapter - Downloading https://repo.maven.apache.org/maven2/org/codehaus/plexus/plexus-containers/2.1.1/plexus-containers-2.1.1.pom
2024-05-17 10:10:26,198 [Worker-14: Creating project "pruebaMaven"] INFO  o.e.m.c.i.e.AbstractTransferListenerAdapter - Downloaded https://repo.maven.apache.org/maven2/org/codehaus/plexus/plexus-containers/2.1.1/plexus-containers-2.1.1.pom
2024-05-17 10:10:26,225 [Worker-14: Creating project "pruebaMaven"] INFO  o.e.m.c.i.e.AbstractTransferListenerAdapter - Downloading https://repo.maven.apache.org/maven2/org/codehaus/plexus/plexus-compiler-javac/2.13.0/plexus-compiler-javac-2.13.0.pom
2024-05-17 10:10:26,231 [Worker-14: Creating project "pruebaMaven"] INFO  o.e.m.c.i.e.AbstractTransferListenerAdapter - Downloaded https://repo.maven.apache.org/maven2/org/codehaus/plexus/plexus-compiler-javac/2.13.0/plexus-compiler-javac-2.13.0.pom
2024-05-17 10:10:26,262 [Worker-14: Creating project "pruebaMaven"] INFO  o.e.m.c.i.e.AbstractTransferListenerAdapter - Downloading https://repo.maven.apache.org/maven2/org/codehaus/plexus/plexus-compilers/2.13.0/plexus-compilers-2.13.0.pom
2024-05-17 10:10:26,267 [Worker-14: Creating project "pruebaMaven"] INFO  o.e.m.c.i.e.AbstractTransferListenerAdapter - Downloaded https://repo.maven.apache.org/maven2/org/codehaus/plexus/plexus-compilers/2.13.0/plexus-compilers-2.13.0.pom
2024-05-17 10:10:26,318 [Worker-14: Creating project "pruebaMaven"] INFO  o.e.m.c.i.e.AbstractTransferListenerAdapter - Downloading https://repo.maven.apache.org/maven2/org/apache/maven/shared/maven-shared-utils/3.3.4/maven-shared-utils-3.3.4.jar
2024-05-17 10:10:26,340 [Worker-14: Creating project "pruebaMaven"] INFO  o.e.m.c.i.e.AbstractTransferListenerAdapter - Downloaded https://repo.maven.apache.org/maven2/org/apache/maven/shared/maven-shared-utils/3.3.4/maven-shared-utils-3.3.4.jar
2024-05-17 10:10:26,358 [BasicRepositoryConnector-repo.maven.apache.org-0-0] INFO  o.e.m.c.i.e.AbstractTransferListenerAdapter - Downloading https://repo.maven.apache.org/maven2/org/apache/maven/shared/maven-shared-incremental/1.1/maven-shared-incremental-1.1.jar
2024-05-17 10:10:26,365 [BasicRepositoryConnector-repo.maven.apache.org-0-0] INFO  o.e.m.c.i.e.AbstractTransferListenerAdapter - Downloaded https://repo.maven.apache.org/maven2/org/apache/maven/shared/maven-shared-incremental/1.1/maven-shared-incremental-1.1.jar
2024-05-17 10:10:26,382 [BasicRepositoryConnector-repo.maven.apache.org-0-0] INFO  o.e.m.c.i.e.AbstractTransferListenerAdapter - Downloading https://repo.maven.apache.org/maven2/org/codehaus/plexus/plexus-compiler-api/2.13.0/plexus-compiler-api-2.13.0.jar
2024-05-17 10:10:26,389 [BasicRepositoryConnector-repo.maven.apache.org-0-0] INFO  o.e.m.c.i.e.AbstractTransferListenerAdapter - Downloaded https://repo.maven.apache.org/maven2/org/codehaus/plexus/plexus-compiler-api/2.13.0/plexus-compiler-api-2.13.0.jar
2024-05-17 10:10:26,406 [BasicRepositoryConnector-repo.maven.apache.org-0-1] INFO  o.e.m.c.i.e.AbstractTransferListenerAdapter - Downloading https://repo.maven.apache.org/maven2/org/codehaus/plexus/plexus-component-annotations/1.5.5/plexus-component-annotations-1.5.5.jar
2024-05-17 10:10:26,407 [BasicRepositoryConnector-repo.maven.apache.org-0-2] INFO  o.e.m.c.i.e.AbstractTransferListenerAdapter - Downloading https://repo.maven.apache.org/maven2/org/codehaus/plexus/plexus-java/1.1.2/plexus-java-1.1.2.jar
2024-05-17 10:10:26,410 [BasicRepositoryConnector-repo.maven.apache.org-0-0] INFO  o.e.m.c.i.e.AbstractTransferListenerAdapter - Downloading https://repo.maven.apache.org/maven2/org/codehaus/plexus/plexus-utils/3.5.0/plexus-utils-3.5.0.jar
2024-05-17 10:10:26,413 [BasicRepositoryConnector-repo.maven.apache.org-0-1] INFO  o.e.m.c.i.e.AbstractTransferListenerAdapter - Downloaded https://repo.maven.apache.org/maven2/org/codehaus/plexus/plexus-component-annotations/1.5.5/plexus-component-annotations-1.5.5.jar
2024-05-17 10:10:26,420 [BasicRepositoryConnector-repo.maven.apache.org-0-4] INFO  o.e.m.c.i.e.AbstractTransferListenerAdapter - Downloading https://repo.maven.apache.org/maven2/com/thoughtworks/qdox/qdox/2.0.3/qdox-2.0.3.jar
2024-05-17 10:10:26,425 [BasicRepositoryConnector-repo.maven.apache.org-0-3] INFO  o.e.m.c.i.e.AbstractTransferListenerAdapter - Downloading https://repo.maven.apache.org/maven2/org/ow2/asm/asm/9.4/asm-9.4.jar
2024-05-17 10:10:26,448 [BasicRepositoryConnector-repo.maven.apache.org-0-1] INFO  o.e.m.c.i.e.AbstractTransferListenerAdapter - Downloading https://repo.maven.apache.org/maven2/org/codehaus/plexus/plexus-compiler-manager/2.13.0/plexus-compiler-manager-2.13.0.jar
2024-05-17 10:10:26,451 [BasicRepositoryConnector-repo.maven.apache.org-0-0] INFO  o.e.m.c.i.e.AbstractTransferListenerAdapter - Downloaded https://repo.maven.apache.org/maven2/org/codehaus/plexus/plexus-utils/3.5.0/plexus-utils-3.5.0.jar
2024-05-17 10:10:26,453 [BasicRepositoryConnector-repo.maven.apache.org-0-2] INFO  o.e.m.c.i.e.AbstractTransferListenerAdapter - Downloaded https://repo.maven.apache.org/maven2/org/codehaus/plexus/plexus-java/1.1.2/plexus-java-1.1.2.jar
2024-05-17 10:10:26,454 [BasicRepositoryConnector-repo.maven.apache.org-0-1] INFO  o.e.m.c.i.e.AbstractTransferListenerAdapter - Downloaded https://repo.maven.apache.org/maven2/org/codehaus/plexus/plexus-compiler-manager/2.13.0/plexus-compiler-manager-2.13.0.jar
2024-05-17 10:10:26,465 [BasicRepositoryConnector-repo.maven.apache.org-0-3] INFO  o.e.m.c.i.e.AbstractTransferListenerAdapter - Downloaded https://repo.maven.apache.org/maven2/org/ow2/asm/asm/9.4/asm-9.4.jar
2024-05-17 10:10:26,476 [BasicRepositoryConnector-repo.maven.apache.org-0-0] INFO  o.e.m.c.i.e.AbstractTransferListenerAdapter - Downloading https://repo.maven.apache.org/maven2/org/codehaus/plexus/plexus-compiler-javac/2.13.0/plexus-compiler-javac-2.13.0.jar
2024-05-17 10:10:26,488 [BasicRepositoryConnector-repo.maven.apache.org-0-0] INFO  o.e.m.c.i.e.AbstractTransferListenerAdapter - Downloaded https://repo.maven.apache.org/maven2/org/codehaus/plexus/plexus-compiler-javac/2.13.0/plexus-compiler-javac-2.13.0.jar
2024-05-17 10:10:26,500 [BasicRepositoryConnector-repo.maven.apache.org-0-4] INFO  o.e.m.c.i.e.AbstractTransferListenerAdapter - Downloaded https://repo.maven.apache.org/maven2/com/thoughtworks/qdox/qdox/2.0.3/qdox-2.0.3.jar
2024-05-17 10:10:26,668 [Worker-14: Creating project "pruebaMaven"] INFO  o.e.m.c.i.l.LifecycleMappingFactory - Using org.eclipse.m2e.jdt.JarLifecycleMapping lifecycle mapping for MavenProject: es.maven:pruebaMaven:0.0.1-SNAPSHOT @ C:\Users\nicol\Documents\Repos\Java\Capacitacion_java\Hola_mundo\pruebaMaven\pom.xml.
2024-05-17 10:10:26,706 [Worker-14: Creating project "pruebaMaven"] INFO  o.e.m.c.i.e.AbstractTransferListenerAdapter - Downloading https://repo.maven.apache.org/maven2/org/apache/maven/plugins/maven-resources-plugin/3.3.1/maven-resources-plugin-3.3.1.pom
2024-05-17 10:10:26,711 [Worker-14: Creating project "pruebaMaven"] INFO  o.e.m.c.i.e.AbstractTransferListenerAdapter - Downloaded https://repo.maven.apache.org/maven2/org/apache/maven/plugins/maven-resources-plugin/3.3.1/maven-resources-plugin-3.3.1.pom
2024-05-17 10:10:26,754 [Worker-14: Creating project "pruebaMaven"] INFO  o.e.m.c.i.e.AbstractTransferListenerAdapter - Downloading https://repo.maven.apache.org/maven2/org/apache/maven/plugins/maven-surefire-plugin/3.2.2/maven-surefire-plugin-3.2.2.pom
2024-05-17 10:10:26,760 [Worker-14: Creating project "pruebaMaven"] INFO  o.e.m.c.i.e.AbstractTransferListenerAdapter - Downloaded https://repo.maven.apache.org/maven2/org/apache/maven/plugins/maven-surefire-plugin/3.2.2/maven-surefire-plugin-3.2.2.pom
2024-05-17 10:10:26,786 [Worker-14: Creating project "pruebaMaven"] INFO  o.e.m.c.i.e.AbstractTransferListenerAdapter - Downloading https://repo.maven.apache.org/maven2/org/apache/maven/surefire/surefire/3.2.2/surefire-3.2.2.pom
2024-05-17 10:10:26,794 [Worker-14: Creating project "pruebaMaven"] INFO  o.e.m.c.i.e.AbstractTransferListenerAdapter - Downloaded https://repo.maven.apache.org/maven2/org/apache/maven/surefire/surefire/3.2.2/surefire-3.2.2.pom
2024-05-17 10:10:26,835 [Worker-14: Creating project "pruebaMaven"] INFO  o.e.m.c.i.e.AbstractTransferListenerAdapter - Downloading https://repo.maven.apache.org/maven2/org/junit/junit-bom/5.9.3/junit-bom-5.9.3.pom
2024-05-17 10:10:26,840 [Worker-14: Creating project "pruebaMaven"] INFO  o.e.m.c.i.e.AbstractTransferListenerAdapter - Downloaded https://repo.maven.apache.org/maven2/org/junit/junit-bom/5.9.3/junit-bom-5.9.3.pom
2024-05-17 10:10:26,878 [Worker-14: Creating project "pruebaMaven"] INFO  o.e.m.c.i.e.AbstractTransferListenerAdapter - Downloading https://repo.maven.apache.org/maven2/org/apache/maven/plugins/maven-jar-plugin/3.3.0/maven-jar-plugin-3.3.0.pom
2024-05-17 10:10:26,883 [Worker-14: Creating project "pruebaMaven"] INFO  o.e.m.c.i.e.AbstractTransferListenerAdapter - Downloaded https://repo.maven.apache.org/maven2/org/apache/maven/plugins/maven-jar-plugin/3.3.0/maven-jar-plugin-3.3.0.pom
2024-05-17 10:10:26,915 [Worker-14: Creating project "pruebaMaven"] INFO  o.e.m.c.i.e.AbstractTransferListenerAdapter - Downloading https://repo.maven.apache.org/maven2/org/apache/maven/plugins/maven-plugins/37/maven-plugins-37.pom
2024-05-17 10:10:26,920 [Worker-14: Creating project "pruebaMaven"] INFO  o.e.m.c.i.e.AbstractTransferListenerAdapter - Downloaded https://repo.maven.apache.org/maven2/org/apache/maven/plugins/maven-plugins/37/maven-plugins-37.pom
2024-05-17 10:10:26,947 [Worker-14: Creating project "pruebaMaven"] INFO  o.e.m.c.i.e.AbstractTransferListenerAdapter - Downloading https://repo.maven.apache.org/maven2/org/apache/maven/maven-parent/37/maven-parent-37.pom
2024-05-17 10:10:26,958 [Worker-14: Creating project "pruebaMaven"] INFO  o.e.m.c.i.e.AbstractTransferListenerAdapter - Downloaded https://repo.maven.apache.org/maven2/org/apache/maven/maven-parent/37/maven-parent-37.pom
2024-05-17 10:10:26,990 [Worker-14: Creating project "pruebaMaven"] INFO  o.e.m.c.i.e.AbstractTransferListenerAdapter - Downloading https://repo.maven.apache.org/maven2/org/apache/apache/27/apache-27.pom
2024-05-17 10:10:26,997 [Worker-14: Creating project "pruebaMaven"] INFO  o.e.m.c.i.e.AbstractTransferListenerAdapter - Downloaded https://repo.maven.apache.org/maven2/org/apache/apache/27/apache-27.pom
2024-05-17 10:10:27,050 [Worker-14: Creating project "pruebaMaven"] INFO  o.e.m.c.i.e.AbstractTransferListenerAdapter - Downloading https://repo.maven.apache.org/maven2/org/apache/maven/shared/file-management/3.1.0/file-management-3.1.0.pom
2024-05-17 10:10:27,057 [Worker-14: Creating project "pruebaMaven"] INFO  o.e.m.c.i.e.AbstractTransferListenerAdapter - Downloaded https://repo.maven.apache.org/maven2/org/apache/maven/shared/file-management/3.1.0/file-management-3.1.0.pom
2024-05-17 10:10:27,133 [Worker-14: Creating project "pruebaMaven"] INFO  o.e.m.c.i.e.AbstractTransferListenerAdapter - Downloading https://repo.maven.apache.org/maven2/org/apache/maven/shared/maven-shared-components/36/maven-shared-components-36.pom
2024-05-17 10:10:27,138 [Worker-14: Creating project "pruebaMaven"] INFO  o.e.m.c.i.e.AbstractTransferListenerAdapter - Downloaded https://repo.maven.apache.org/maven2/org/apache/maven/shared/maven-shared-components/36/maven-shared-components-36.pom
2024-05-17 10:10:27,168 [Worker-14: Creating project "pruebaMaven"] INFO  o.e.m.c.i.e.AbstractTransferListenerAdapter - Downloading https://repo.maven.apache.org/maven2/org/slf4j/slf4j-api/1.7.36/slf4j-api-1.7.36.pom
2024-05-17 10:10:27,174 [Worker-14: Creating project "pruebaMaven"] INFO  o.e.m.c.i.e.AbstractTransferListenerAdapter - Downloaded https://repo.maven.apache.org/maven2/org/slf4j/slf4j-api/1.7.36/slf4j-api-1.7.36.pom
2024-05-17 10:10:27,200 [Worker-14: Creating project "pruebaMaven"] INFO  o.e.m.c.i.e.AbstractTransferListenerAdapter - Downloading https://repo.maven.apache.org/maven2/org/slf4j/slf4j-parent/1.7.36/slf4j-parent-1.7.36.pom
2024-05-17 10:10:27,206 [Worker-14: Creating project "pruebaMaven"] INFO  o.e.m.c.i.e.AbstractTransferListenerAdapter - Downloaded https://repo.maven.apache.org/maven2/org/slf4j/slf4j-parent/1.7.36/slf4j-parent-1.7.36.pom
2024-05-17 10:10:27,243 [Worker-14: Creating project "pruebaMaven"] INFO  o.e.m.c.i.e.AbstractTransferListenerAdapter - Downloading https://repo.maven.apache.org/maven2/commons-io/commons-io/2.11.0/commons-io-2.11.0.pom
2024-05-17 10:10:27,249 [Worker-14: Creating project "pruebaMaven"] INFO  o.e.m.c.i.e.AbstractTransferListenerAdapter - Downloaded https://repo.maven.apache.org/maven2/commons-io/commons-io/2.11.0/commons-io-2.11.0.pom
2024-05-17 10:10:27,274 [Worker-14: Creating project "pruebaMaven"] INFO  o.e.m.c.i.e.AbstractTransferListenerAdapter - Downloading https://repo.maven.apache.org/maven2/org/apache/commons/commons-parent/52/commons-parent-52.pom
2024-05-17 10:10:27,288 [Worker-14: Creating project "pruebaMaven"] INFO  o.e.m.c.i.e.AbstractTransferListenerAdapter - Downloaded https://repo.maven.apache.org/maven2/org/apache/commons/commons-parent/52/commons-parent-52.pom
2024-05-17 10:10:27,319 [Worker-14: Creating project "pruebaMaven"] INFO  o.e.m.c.i.e.AbstractTransferListenerAdapter - Downloading https://repo.maven.apache.org/maven2/org/junit/junit-bom/5.7.2/junit-bom-5.7.2.pom
2024-05-17 10:10:27,324 [Worker-14: Creating project "pruebaMaven"] INFO  o.e.m.c.i.e.AbstractTransferListenerAdapter - Downloaded https://repo.maven.apache.org/maven2/org/junit/junit-bom/5.7.2/junit-bom-5.7.2.pom
2024-05-17 10:10:27,354 [Worker-14: Creating project "pruebaMaven"] INFO  o.e.m.c.i.e.AbstractTransferListenerAdapter - Downloading https://repo.maven.apache.org/maven2/org/apache/maven/maven-archiver/3.6.0/maven-archiver-3.6.0.pom
2024-05-17 10:10:27,359 [Worker-14: Creating project "pruebaMaven"] INFO  o.e.m.c.i.e.AbstractTransferListenerAdapter - Downloaded https://repo.maven.apache.org/maven2/org/apache/maven/maven-archiver/3.6.0/maven-archiver-3.6.0.pom
2024-05-17 10:10:27,394 [Worker-14: Creating project "pruebaMaven"] INFO  o.e.m.c.i.e.AbstractTransferListenerAdapter - Downloading https://repo.maven.apache.org/maven2/org/codehaus/plexus/plexus-io/3.4.0/plexus-io-3.4.0.pom
2024-05-17 10:10:27,400 [Worker-14: Creating project "pruebaMaven"] INFO  o.e.m.c.i.e.AbstractTransferListenerAdapter - Downloaded https://repo.maven.apache.org/maven2/org/codehaus/plexus/plexus-io/3.4.0/plexus-io-3.4.0.pom
2024-05-17 10:10:27,425 [Worker-14: Creating project "pruebaMaven"] INFO  o.e.m.c.i.e.AbstractTransferListenerAdapter - Downloading https://repo.maven.apache.org/maven2/javax/inject/javax.inject/1/javax.inject-1.pom
2024-05-17 10:10:27,430 [Worker-14: Creating project "pruebaMaven"] INFO  o.e.m.c.i.e.AbstractTransferListenerAdapter - Downloaded https://repo.maven.apache.org/maven2/javax/inject/javax.inject/1/javax.inject-1.pom
2024-05-17 10:10:27,458 [Worker-14: Creating project "pruebaMaven"] INFO  o.e.m.c.i.e.AbstractTransferListenerAdapter - Downloading https://repo.maven.apache.org/maven2/org/codehaus/plexus/plexus-archiver/4.4.0/plexus-archiver-4.4.0.pom
2024-05-17 10:10:27,464 [Worker-14: Creating project "pruebaMaven"] INFO  o.e.m.c.i.e.AbstractTransferListenerAdapter - Downloaded https://repo.maven.apache.org/maven2/org/codehaus/plexus/plexus-archiver/4.4.0/plexus-archiver-4.4.0.pom
2024-05-17 10:10:27,491 [Worker-14: Creating project "pruebaMaven"] INFO  o.e.m.c.i.e.AbstractTransferListenerAdapter - Downloading https://repo.maven.apache.org/maven2/org/apache/commons/commons-compress/1.21/commons-compress-1.21.pom
2024-05-17 10:10:27,498 [Worker-14: Creating project "pruebaMaven"] INFO  o.e.m.c.i.e.AbstractTransferListenerAdapter - Downloaded https://repo.maven.apache.org/maven2/org/apache/commons/commons-compress/1.21/commons-compress-1.21.pom
2024-05-17 10:10:27,535 [Worker-14: Creating project "pruebaMaven"] INFO  o.e.m.c.i.e.AbstractTransferListenerAdapter - Downloading https://repo.maven.apache.org/maven2/org/tukaani/xz/1.9/xz-1.9.pom
2024-05-17 10:10:27,540 [Worker-14: Creating project "pruebaMaven"] INFO  o.e.m.c.i.e.AbstractTransferListenerAdapter - Downloaded https://repo.maven.apache.org/maven2/org/tukaani/xz/1.9/xz-1.9.pom
2024-05-17 10:10:27,570 [Worker-14: Creating project "pruebaMaven"] INFO  o.e.m.c.i.e.AbstractTransferListenerAdapter - Downloading https://repo.maven.apache.org/maven2/org/codehaus/plexus/plexus-utils/3.4.2/plexus-utils-3.4.2.pom
2024-05-17 10:10:27,575 [Worker-14: Creating project "pruebaMaven"] INFO  o.e.m.c.i.e.AbstractTransferListenerAdapter - Downloaded https://repo.maven.apache.org/maven2/org/codehaus/plexus/plexus-utils/3.4.2/plexus-utils-3.4.2.pom
2024-05-17 10:10:27,606 [Worker-14: Creating project "pruebaMaven"] INFO  o.e.m.c.i.e.AbstractTransferListenerAdapter - Downloading https://repo.maven.apache.org/maven2/org/codehaus/plexus/plexus/8/plexus-8.pom
2024-05-17 10:10:27,613 [Worker-14: Creating project "pruebaMaven"] INFO  o.e.m.c.i.e.AbstractTransferListenerAdapter - Downloaded https://repo.maven.apache.org/maven2/org/codehaus/plexus/plexus/8/plexus-8.pom
2024-05-17 10:10:27,669 [Worker-14: Creating project "pruebaMaven"] INFO  o.e.m.c.i.e.AbstractTransferListenerAdapter - Downloading https://repo.maven.apache.org/maven2/org/apache/maven/shared/file-management/3.1.0/file-management-3.1.0.jar
2024-05-17 10:10:27,680 [Worker-14: Creating project "pruebaMaven"] INFO  o.e.m.c.i.e.AbstractTransferListenerAdapter - Downloaded https://repo.maven.apache.org/maven2/org/apache/maven/shared/file-management/3.1.0/file-management-3.1.0.jar
2024-05-17 10:10:27,697 [BasicRepositoryConnector-repo.maven.apache.org-1-2] INFO  o.e.m.c.i.e.AbstractTransferListenerAdapter - Downloading https://repo.maven.apache.org/maven2/org/apache/maven/maven-archiver/3.6.0/maven-archiver-3.6.0.jar
2024-05-17 10:10:27,699 [BasicRepositoryConnector-repo.maven.apache.org-1-1] INFO  o.e.m.c.i.e.AbstractTransferListenerAdapter - Downloading https://repo.maven.apache.org/maven2/commons-io/commons-io/2.11.0/commons-io-2.11.0.jar
2024-05-17 10:10:27,717 [BasicRepositoryConnector-repo.maven.apache.org-1-0] INFO  o.e.m.c.i.e.AbstractTransferListenerAdapter - Downloading https://repo.maven.apache.org/maven2/org/slf4j/slf4j-api/1.7.36/slf4j-api-1.7.36.jar
2024-05-17 10:10:27,718 [BasicRepositoryConnector-repo.maven.apache.org-1-4] INFO  o.e.m.c.i.e.AbstractTransferListenerAdapter - Downloading https://repo.maven.apache.org/maven2/javax/inject/javax.inject/1/javax.inject-1.jar
2024-05-17 10:10:27,721 [BasicRepositoryConnector-repo.maven.apache.org-1-2] INFO  o.e.m.c.i.e.AbstractTransferListenerAdapter - Downloaded https://repo.maven.apache.org/maven2/org/apache/maven/maven-archiver/3.6.0/maven-archiver-3.6.0.jar
2024-05-17 10:10:27,724 [BasicRepositoryConnector-repo.maven.apache.org-1-4] INFO  o.e.m.c.i.e.AbstractTransferListenerAdapter - Downloaded https://repo.maven.apache.org/maven2/javax/inject/javax.inject/1/javax.inject-1.jar
2024-05-17 10:10:27,728 [BasicRepositoryConnector-repo.maven.apache.org-1-3] INFO  o.e.m.c.i.e.AbstractTransferListenerAdapter - Downloading https://repo.maven.apache.org/maven2/org/codehaus/plexus/plexus-io/3.4.0/plexus-io-3.4.0.jar
2024-05-17 10:10:27,738 [BasicRepositoryConnector-repo.maven.apache.org-1-0] INFO  o.e.m.c.i.e.AbstractTransferListenerAdapter - Downloaded https://repo.maven.apache.org/maven2/org/slf4j/slf4j-api/1.7.36/slf4j-api-1.7.36.jar
2024-05-17 10:10:27,743 [BasicRepositoryConnector-repo.maven.apache.org-1-3] INFO  o.e.m.c.i.e.AbstractTransferListenerAdapter - Downloaded https://repo.maven.apache.org/maven2/org/codehaus/plexus/plexus-io/3.4.0/plexus-io-3.4.0.jar
2024-05-17 10:10:27,744 [BasicRepositoryConnector-repo.maven.apache.org-1-2] INFO  o.e.m.c.i.e.AbstractTransferListenerAdapter - Downloading https://repo.maven.apache.org/maven2/org/codehaus/plexus/plexus-archiver/4.4.0/plexus-archiver-4.4.0.jar
2024-05-17 10:10:27,749 [BasicRepositoryConnector-repo.maven.apache.org-1-4] INFO  o.e.m.c.i.e.AbstractTransferListenerAdapter - Downloading https://repo.maven.apache.org/maven2/org/apache/commons/commons-compress/1.21/commons-compress-1.21.jar
2024-05-17 10:10:27,751 [BasicRepositoryConnector-repo.maven.apache.org-1-1] INFO  o.e.m.c.i.e.AbstractTransferListenerAdapter - Downloaded https://repo.maven.apache.org/maven2/commons-io/commons-io/2.11.0/commons-io-2.11.0.jar
2024-05-17 10:10:27,771 [BasicRepositoryConnector-repo.maven.apache.org-1-0] INFO  o.e.m.c.i.e.AbstractTransferListenerAdapter - Downloading https://repo.maven.apache.org/maven2/org/tukaani/xz/1.9/xz-1.9.jar
2024-05-17 10:10:27,773 [BasicRepositoryConnector-repo.maven.apache.org-1-2] INFO  o.e.m.c.i.e.AbstractTransferListenerAdapter - Downloaded https://repo.maven.apache.org/maven2/org/codehaus/plexus/plexus-archiver/4.4.0/plexus-archiver-4.4.0.jar
2024-05-17 10:10:27,783 [BasicRepositoryConnector-repo.maven.apache.org-1-3] INFO  o.e.m.c.i.e.AbstractTransferListenerAdapter - Downloading https://repo.maven.apache.org/maven2/org/codehaus/plexus/plexus-utils/3.4.2/plexus-utils-3.4.2.jar
2024-05-17 10:10:27,794 [BasicRepositoryConnector-repo.maven.apache.org-1-0] INFO  o.e.m.c.i.e.AbstractTransferListenerAdapter - Downloaded https://repo.maven.apache.org/maven2/org/tukaani/xz/1.9/xz-1.9.jar
2024-05-17 10:10:27,815 [BasicRepositoryConnector-repo.maven.apache.org-1-3] INFO  o.e.m.c.i.e.AbstractTransferListenerAdapter - Downloaded https://repo.maven.apache.org/maven2/org/codehaus/plexus/plexus-utils/3.4.2/plexus-utils-3.4.2.jar
2024-05-17 10:10:27,909 [BasicRepositoryConnector-repo.maven.apache.org-1-4] INFO  o.e.m.c.i.e.AbstractTransferListenerAdapter - Downloaded https://repo.maven.apache.org/maven2/org/apache/commons/commons-compress/1.21/commons-compress-1.21.jar
2024-05-17 10:10:28,329 [Worker-14: Creating project "pruebaMaven"] INFO  o.e.m.c.i.e.AbstractTransferListenerAdapter - Downloading https://repo.maven.apache.org/maven2/org/codehaus/plexus/plexus-utils/3.5.1/plexus-utils-3.5.1.pom
2024-05-17 10:10:28,333 [Worker-14: Creating project "pruebaMaven"] INFO  o.e.m.c.i.e.AbstractTransferListenerAdapter - Downloaded https://repo.maven.apache.org/maven2/org/codehaus/plexus/plexus-utils/3.5.1/plexus-utils-3.5.1.pom
2024-05-17 10:10:28,362 [Worker-14: Creating project "pruebaMaven"] INFO  o.e.m.c.i.e.AbstractTransferListenerAdapter - Downloading https://repo.maven.apache.org/maven2/org/apache/maven/shared/maven-filtering/3.3.1/maven-filtering-3.3.1.pom
2024-05-17 10:10:28,366 [Worker-14: Creating project "pruebaMaven"] INFO  o.e.m.c.i.e.AbstractTransferListenerAdapter - Downloaded https://repo.maven.apache.org/maven2/org/apache/maven/shared/maven-filtering/3.3.1/maven-filtering-3.3.1.pom
2024-05-17 10:10:28,388 [Worker-14: Creating project "pruebaMaven"] INFO  o.e.m.c.i.e.AbstractTransferListenerAdapter - Downloading https://repo.maven.apache.org/maven2/org/apache/maven/shared/maven-shared-components/39/maven-shared-components-39.pom
2024-05-17 10:10:28,392 [Worker-14: Creating project "pruebaMaven"] INFO  o.e.m.c.i.e.AbstractTransferListenerAdapter - Downloaded https://repo.maven.apache.org/maven2/org/apache/maven/shared/maven-shared-components/39/maven-shared-components-39.pom
2024-05-17 10:10:28,414 [Worker-14: Creating project "pruebaMaven"] INFO  o.e.m.c.i.e.AbstractTransferListenerAdapter - Downloading https://repo.maven.apache.org/maven2/org/sonatype/plexus/plexus-build-api/0.0.7/plexus-build-api-0.0.7.pom
2024-05-17 10:10:28,419 [Worker-14: Creating project "pruebaMaven"] INFO  o.e.m.c.i.e.AbstractTransferListenerAdapter - Downloaded https://repo.maven.apache.org/maven2/org/sonatype/plexus/plexus-build-api/0.0.7/plexus-build-api-0.0.7.pom
2024-05-17 10:10:28,441 [Worker-14: Creating project "pruebaMaven"] INFO  o.e.m.c.i.e.AbstractTransferListenerAdapter - Downloading https://repo.maven.apache.org/maven2/org/sonatype/spice/spice-parent/15/spice-parent-15.pom
2024-05-17 10:10:28,447 [Worker-14: Creating project "pruebaMaven"] INFO  o.e.m.c.i.e.AbstractTransferListenerAdapter - Downloaded https://repo.maven.apache.org/maven2/org/sonatype/spice/spice-parent/15/spice-parent-15.pom
2024-05-17 10:10:28,474 [Worker-14: Creating project "pruebaMaven"] INFO  o.e.m.c.i.e.AbstractTransferListenerAdapter - Downloading https://repo.maven.apache.org/maven2/org/sonatype/forge/forge-parent/5/forge-parent-5.pom
2024-05-17 10:10:28,482 [Worker-14: Creating project "pruebaMaven"] INFO  o.e.m.c.i.e.AbstractTransferListenerAdapter - Downloaded https://repo.maven.apache.org/maven2/org/sonatype/forge/forge-parent/5/forge-parent-5.pom
2024-05-17 10:10:28,513 [Worker-14: Creating project "pruebaMaven"] INFO  o.e.m.c.i.e.AbstractTransferListenerAdapter - Downloading https://repo.maven.apache.org/maven2/org/apache/commons/commons-lang3/3.12.0/commons-lang3-3.12.0.pom
2024-05-17 10:10:28,523 [Worker-14: Creating project "pruebaMaven"] INFO  o.e.m.c.i.e.AbstractTransferListenerAdapter - Downloaded https://repo.maven.apache.org/maven2/org/apache/commons/commons-lang3/3.12.0/commons-lang3-3.12.0.pom
2024-05-17 10:10:28,552 [Worker-14: Creating project "pruebaMaven"] INFO  o.e.m.c.i.e.AbstractTransferListenerAdapter - Downloading https://repo.maven.apache.org/maven2/org/junit/junit-bom/5.7.1/junit-bom-5.7.1.pom
2024-05-17 10:10:28,557 [Worker-14: Creating project "pruebaMaven"] INFO  o.e.m.c.i.e.AbstractTransferListenerAdapter - Downloaded https://repo.maven.apache.org/maven2/org/junit/junit-bom/5.7.1/junit-bom-5.7.1.pom
2024-05-17 10:10:28,599 [Worker-14: Creating project "pruebaMaven"] INFO  o.e.m.c.i.e.AbstractTransferListenerAdapter - Downloading https://repo.maven.apache.org/maven2/org/codehaus/plexus/plexus-utils/3.5.1/plexus-utils-3.5.1.jar
2024-05-17 10:10:28,631 [Worker-14: Creating project "pruebaMaven"] INFO  o.e.m.c.i.e.AbstractTransferListenerAdapter - Downloaded https://repo.maven.apache.org/maven2/org/codehaus/plexus/plexus-utils/3.5.1/plexus-utils-3.5.1.jar
2024-05-17 10:10:28,652 [BasicRepositoryConnector-repo.maven.apache.org-2-1] INFO  o.e.m.c.i.e.AbstractTransferListenerAdapter - Downloading https://repo.maven.apache.org/maven2/org/sonatype/plexus/plexus-build-api/0.0.7/plexus-build-api-0.0.7.jar
2024-05-17 10:10:28,652 [BasicRepositoryConnector-repo.maven.apache.org-2-2] INFO  o.e.m.c.i.e.AbstractTransferListenerAdapter - Downloading https://repo.maven.apache.org/maven2/org/apache/commons/commons-lang3/3.12.0/commons-lang3-3.12.0.jar
2024-05-17 10:10:28,658 [BasicRepositoryConnector-repo.maven.apache.org-2-1] INFO  o.e.m.c.i.e.AbstractTransferListenerAdapter - Downloaded https://repo.maven.apache.org/maven2/org/sonatype/plexus/plexus-build-api/0.0.7/plexus-build-api-0.0.7.jar
2024-05-17 10:10:28,659 [BasicRepositoryConnector-repo.maven.apache.org-2-0] INFO  o.e.m.c.i.e.AbstractTransferListenerAdapter - Downloading https://repo.maven.apache.org/maven2/org/apache/maven/shared/maven-filtering/3.3.1/maven-filtering-3.3.1.jar
2024-05-17 10:10:28,669 [BasicRepositoryConnector-repo.maven.apache.org-2-0] INFO  o.e.m.c.i.e.AbstractTransferListenerAdapter - Downloaded https://repo.maven.apache.org/maven2/org/apache/maven/shared/maven-filtering/3.3.1/maven-filtering-3.3.1.jar
2024-05-17 10:10:28,721 [BasicRepositoryConnector-repo.maven.apache.org-2-2] INFO  o.e.m.c.i.e.AbstractTransferListenerAdapter - Downloaded https://repo.maven.apache.org/maven2/org/apache/commons/commons-lang3/3.12.0/commons-lang3-3.12.0.jar
2024-05-17 10:10:28,765 [Worker-14: Creating project "pruebaMaven"] INFO  o.e.m.j.i.AbstractJavaProjectConfigurator - Adding source folder /pruebaMaven/src/main/java
2024-05-17 10:10:28,778 [Worker-14: Creating project "pruebaMaven"] INFO  o.e.m.j.i.AbstractJavaProjectConfigurator - Adding resource folder /pruebaMaven/src/main/resources
2024-05-17 10:10:28,780 [Worker-14: Creating project "pruebaMaven"] INFO  o.e.m.j.i.AbstractJavaProjectConfigurator - Adding source folder /pruebaMaven/src/test/java
2024-05-17 10:10:28,781 [Worker-14: Creating project "pruebaMaven"] INFO  o.e.m.j.i.AbstractJavaProjectConfigurator - Adding resource folder /pruebaMaven/src/test/resources
2024-05-17 10:10:29,363 [Worker-22: Building] WARN  o.a.m.s.f.DefaultMavenResourcesFiltering - Using platform encoding (Cp1252 actually) to copy filtered resources, i.e. build is platform dependent!
2024-05-17 10:10:29,367 [Worker-22: Building] INFO  o.a.m.s.f.DefaultMavenResourcesFiltering - Copying 0 resource from src\main\resources to target\classes
2024-05-17 10:10:29,371 [Worker-22: Building] WARN  o.a.m.s.f.DefaultMavenResourcesFiltering - Using platform encoding (Cp1252 actually) to copy filtered resources, i.e. build is platform dependent!
2024-05-17 10:10:29,372 [Worker-22: Building] INFO  o.a.m.s.f.DefaultMavenResourcesFiltering - Copying 0 resource from src\test\resources to target\test-classes
2024-05-17 10:22:28,955 [Worker-24: Building] INFO  o.e.m.c.i.l.LifecycleMappingFactory - Using org.eclipse.m2e.jdt.JarLifecycleMapping lifecycle mapping for MavenProject: es.maven:pruebaMaven:0.0.1-SNAPSHOT @ C:\Users\nicol\Documents\Repos\Java\Capacitacion_java\Hola_mundo\pruebaMaven\pom.xml.
2024-05-17 10:22:29,240 [Worker-24: Building] WARN  o.a.m.s.f.DefaultMavenResourcesFiltering - Using platform encoding (Cp1252 actually) to copy filtered resources, i.e. build is platform dependent!
2024-05-17 10:22:29,245 [Worker-24: Building] INFO  o.a.m.s.f.DefaultMavenResourcesFiltering - Copying 0 resource from src\main\resources to target\classes
2024-05-17 10:22:29,250 [Worker-24: Building] WARN  o.a.m.s.f.DefaultMavenResourcesFiltering - Using platform encoding (Cp1252 actually) to copy filtered resources, i.e. build is platform dependent!
2024-05-17 10:22:29,252 [Worker-24: Building] INFO  o.a.m.s.f.DefaultMavenResourcesFiltering - Copying 0 resource from src\test\resources to target\test-classes
2024-05-20 09:45:13,363 [Worker-2: Loading available Gradle versions] INFO  o.e.b.c.i.u.g.PublishedGradleVersions - Gradle version information cache is out-of-date. Trying to update.
